2019/08/25 23:22:05 service_orm.go:15: info start connection databases...
2019/08/25 23:24:18 service_orm.go:15: info start connection databases...
2019/08/25 23:24:18 service_orm.go:16: debug echodemo:rootadmin@(106.12.200.182:3306)/echodemo?parseTime=true
2019/08/25 23:26:24 service_orm.go:15: info start connection databases...
2019/08/25 23:26:24 service_orm.go:16: debug root:rootadmin@(106.12.200.182:3306)/echodemo?parseTime=true
2019/08/25 23:30:53 service_orm.go:15: info start connection databases...
2019/08/25 23:30:53 service_orm.go:16: debug root:rootadmin@(106.12.200.182:3306)/echodemo?parseTime=true
2019/08/25 23:31:09 service_orm.go:15: info start connection databases...
2019/08/25 23:31:09 service_orm.go:16: debug root:rootadmin@tcp(106.12.200.182:3306)/echodemo?parseTime=true
2019/08/25 23:34:12 service_orm.go:15: info start connection databases...
2019/08/25 23:34:12 service_orm.go:16: debug root:rootadmin@tcp(106.12.200.182:3306)/echodemo?parseTime=true
2019/08/25 23:34:12 service_orm.go:19: info connection database success...
2019/08/25 23:34:56 service_orm.go:15: info start connection databases...
2019/08/25 23:34:56 service_orm.go:16: debug root:rootadmin@tcp(106.12.200.182:3306)/echodemo?parseTime=true
2019/08/25 23:34:56 service_orm.go:19: error sql: unknown driver "mysql" (forgotten import?)
2019/08/25 23:34:56 service_orm.go:22: info connection database success...
2019/08/25 23:35:40 service_orm.go:16: info start connection databases...
2019/08/25 23:35:40 service_orm.go:17: debug root:rootadmin@tcp(106.12.200.182:3306)/echodemo?parseTime=true
2019/08/25 23:35:41 service_orm.go:23: info connection database success...
2019/08/25 23:35:41 service_orm.go:28: error Error 1146: Table 'echodemo.t_user' doesn't exist
2019/08/25 23:35:41 router.go:16: debug start router ...
2019/08/25 23:35:50 service_orm.go:16: info start connection databases...
2019/08/25 23:35:50 service_orm.go:17: debug root:rootadmin@tcp(106.12.200.182:3306)/echodemo?parseTime=true
2019/08/25 23:35:50 service_orm.go:23: info connection database success...
2019/08/25 23:35:50 service_orm.go:28: error Error 1146: Table 'echodemo.t_user' doesn't exist
2019/08/25 23:35:50 router.go:16: debug start router ...
2019/08/25 23:38:13 service_orm.go:16: info start connection databases...
2019/08/25 23:38:13 service_orm.go:17: debug root:rootadmin@tcp(106.12.200.182:3306)/echodemo?parseTime=true
2019/08/25 23:38:14 service_orm.go:23: info connection database success...
2019/08/25 23:38:14 service_orm.go:31: debug count t_user :0
2019/08/25 23:38:14 router.go:16: debug start router ...
2019/08/25 23:46:59 service_orm.go:16: info start connection databases...
2019/08/25 23:46:59 service_orm.go:17: debug root:rootadmin@tcp(106.12.200.182:3306)/echodemo?parseTime=true
2019/08/25 23:46:59 service_orm.go:23: info connection database success...
2019/08/25 23:46:59 service_orm.go:31: debug count t_user :0
2019/08/25 23:46:59 router.go:16: debug start router ...
2019/08/26 11:00:26 service_orm.go:16: info start connection databases...
2019/08/26 11:00:26 service_orm.go:17: debug root:rootadmin@tcp(106.12.200.182:3306)/echodemo?parseTime=true
2019/08/26 11:00:26 service_orm.go:23: info connection database success...
2019/08/26 11:00:26 service_orm.go:31: debug count t_user :1
2019/08/26 11:00:26 router.go:16: debug start router ...
2019/08/26 11:06:48 service_orm.go:16: info start connection databases...
2019/08/26 11:06:48 service_orm.go:17: debug root:rootadmin@tcp(106.12.200.182:3306)/echodemo?parseTime=true
2019/08/26 11:06:48 service_orm.go:23: info connection database success...
2019/08/26 11:06:48 service_orm.go:31: debug count t_user :2
2019/08/26 11:06:48 router.go:16: debug start router ...
2019/08/26 11:08:31 service_orm.go:16: info start connection databases...
2019/08/26 11:08:31 service_orm.go:17: debug root:rootadmin@tcp(106.12.200.182:3306)/echodemo?parseTime=true
2019/08/26 11:08:31 service_orm.go:23: info connection database success...
2019/08/26 11:08:31 service_orm.go:31: debug count t_user :3
2019/08/26 11:08:31 router.go:16: debug start router ...
2019/08/26 17:40:24 service_orm.go:16: info start connection databases...
2019/08/26 17:40:24 service_orm.go:17: debug root:rootadmin@tcp(106.12.200.182:3306)/echodemo?parseTime=true
2019/08/26 17:40:24 service_orm.go:23: info connection database success...
2019/08/26 17:40:24 service_orm.go:31: debug count t_user :4
2019/08/26 17:40:24 router.go:16: debug start router ...
2019/08/26 17:41:59 service_orm.go:16: info start connection databases...
2019/08/26 17:41:59 service_orm.go:17: debug root:rootadmin@tcp(106.12.200.182:3306)/echodemo?parseTime=true
2019/08/26 17:41:59 service_orm.go:23: info connection database success...
2019/08/26 17:41:59 service_orm.go:31: debug count t_user :5
2019/08/26 17:41:59 router.go:16: debug start router ...
2019/08/26 17:42:41 service_orm.go:16: info start connection databases...
2019/08/26 17:42:41 service_orm.go:17: debug root:rootadmin@tcp(106.12.200.182:3306)/echodemo?parseTime=true
2019/08/26 17:42:41 service_orm.go:23: info connection database success...
2019/08/26 17:42:41 service_orm.go:31: debug count t_user :6
2019/08/26 17:42:41 router.go:17: debug start router ...
2019/08/26 17:43:26 service_orm.go:16: info start connection databases...
2019/08/26 17:43:26 service_orm.go:17: debug root:rootadmin@tcp(106.12.200.182:3306)/echodemo?parseTime=true
2019/08/26 17:43:26 service_orm.go:23: info connection database success...
2019/08/26 17:43:26 service_orm.go:31: debug count t_user :7
2019/08/26 17:43:26 router.go:16: debug start router ...
2019/08/26 17:43:26 router.go:25: debug 666666
2019/08/26 17:44:49 service_orm.go:16: info start connection databases...
2019/08/26 17:44:49 service_orm.go:17: debug root:rootadmin@tcp(106.12.200.182:3306)/echodemo?parseTime=true
2019/08/26 17:44:49 service_orm.go:23: info connection database success...
2019/08/26 17:44:49 service_orm.go:31: debug count t_user :8
2019/08/26 17:44:49 router.go:16: debug start router ...
2019/08/26 17:44:49 router.go:25: debug 666666
2019/08/26 17:45:45 service_orm.go:16: info start connection databases...
2019/08/26 17:45:45 service_orm.go:17: debug root:rootadmin@tcp(106.12.200.182:3306)/echodemo?parseTime=true
2019/08/26 17:45:45 service_orm.go:23: info connection database success...
2019/08/26 17:45:45 service_orm.go:31: debug count t_user :9
2019/08/26 17:45:45 router.go:16: debug start router ...
2019/08/26 17:45:45 router.go:25: debug 666666
2019/08/26 17:47:58 service_orm.go:16: info start connection databases...
2019/08/26 17:47:58 service_orm.go:17: debug root:rootadmin@tcp(106.12.200.182:3306)/echodemo?parseTime=true
2019/08/26 17:47:58 service_orm.go:23: info connection database success...
2019/08/26 17:47:58 service_orm.go:31: debug count t_user :10
2019/08/26 17:47:58 router.go:16: debug start router ...
2019/08/26 17:47:58 router.go:25: debug 666666
2019/08/26 20:12:07 service_orm.go:16: info start connection databases...
2019/08/26 20:12:07 service_orm.go:17: debug root:rootadmin@tcp(106.12.200.182:3306)/echodemo?parseTime=true
2019/08/26 20:12:07 service_orm.go:23: info connection database success...
2019/08/26 20:12:07 service_orm.go:31: debug count t_user :11
2019/08/26 20:12:07 router.go:16: debug start router ...
2019/08/26 20:12:07 router.go:26: debug 666666
2019/08/26 20:12:18 filter.go:43: debug 55555555555
2019/08/26 20:12:18 filter.go:45: debug 111111
2019/08/26 20:12:18 filter.go:47: debug 222222
2019/08/26 20:12:18 filter.go:48: debug /v1/user/InserUser?userName=33111111211&account=2233111111211&password=11&phoneNum=333111111211
2019/08/26 20:24:57 service_orm.go:16: info start connection databases...
2019/08/26 20:24:57 service_orm.go:17: debug root:rootadmin@tcp(106.12.200.182:3306)/echodemo?parseTime=true
2019/08/26 20:24:57 service_orm.go:23: info connection database success...
2019/08/26 20:24:57 service_orm.go:31: debug count t_user :11
2019/08/26 20:24:57 router.go:16: debug start router ...
2019/08/26 20:24:57 router.go:26: debug 666666
2019/08/26 20:26:21 service_orm.go:16: info start connection databases...
2019/08/26 20:26:21 service_orm.go:17: debug root:rootadmin@tcp(106.12.200.182:3306)/echodemo?parseTime=true
2019/08/26 20:26:21 service_orm.go:23: info connection database success...
2019/08/26 20:26:21 service_orm.go:31: debug count t_user :12
2019/08/26 20:26:21 router.go:16: debug start router ...
2019/08/26 20:26:21 router.go:26: debug 666666
2019/08/26 20:31:40 service_orm.go:16: info start connection databases...
2019/08/26 20:31:40 service_orm.go:17: debug root:rootadmin@tcp(106.12.200.182:3306)/echodemo?parseTime=true
2019/08/26 20:31:40 service_orm.go:23: info connection database success...
2019/08/26 20:31:40 service_orm.go:31: debug count t_user :13
2019/08/26 20:31:40 router.go:16: debug start router ...
2019/08/26 20:31:40 router.go:26: debug 666666
2019/08/26 20:31:57 filter.go:43: debug 55555555555
2019/08/26 20:31:57 filter.go:45: debug 111111
2019/08/26 20:31:57 filter.go:47: debug 222222
2019/08/26 20:31:57 filter.go:48: debug /v1/user/InserUser?userName=7&account=7&password=7&phoneNum=7
2019/08/26 20:34:46 service_orm.go:16: info start connection databases...
2019/08/26 20:34:46 service_orm.go:17: debug root:rootadmin@tcp(106.12.200.182:3306)/echodemo?parseTime=true
2019/08/26 20:34:46 service_orm.go:23: info connection database success...
2019/08/26 20:34:46 service_orm.go:31: debug count t_user :13
2019/08/26 20:34:46 router.go:16: debug start router ...
2019/08/26 20:34:46 router.go:26: debug 666666
2019/08/26 20:35:21 service_orm.go:16: info start connection databases...
2019/08/26 20:35:21 service_orm.go:17: debug root:rootadmin@tcp(106.12.200.182:3306)/echodemo?parseTime=true
2019/08/26 20:35:21 service_orm.go:23: info connection database success...
2019/08/26 20:35:21 service_orm.go:31: debug count t_user :14
2019/08/26 20:35:21 router.go:16: debug start router ...
2019/08/26 20:35:21 router.go:26: debug 666666
2019/08/26 20:36:16 service_orm.go:16: info start connection databases...
2019/08/26 20:36:16 service_orm.go:17: debug root:rootadmin@tcp(106.12.200.182:3306)/echodemo?parseTime=true
2019/08/26 20:36:16 service_orm.go:23: info connection database success...
2019/08/26 20:36:16 service_orm.go:31: debug count t_user :15
2019/08/26 20:36:16 router.go:16: debug start router ...
2019/08/26 20:36:16 router.go:26: debug 666666
2019/08/26 20:56:13 service_orm.go:16: info start connection databases...
2019/08/26 20:56:13 service_orm.go:17: debug root:rootadmin@tcp(106.12.200.182:3306)/echodemo?parseTime=true
2019/08/26 20:56:13 service_orm.go:23: info connection database success...
2019/08/26 20:56:13 service_orm.go:31: debug count t_user :16
2019/08/26 20:56:13 router.go:16: debug start router ...
2019/08/26 20:56:13 router.go:26: debug 666666
2019/08/26 20:56:26 filter.go:43: debug 55555555555
2019/08/26 20:56:26 filter.go:45: debug 111111
2019/08/26 20:56:26 filter.go:47: debug 222222
2019/08/26 20:56:26 filter.go:48: debug /v2/user/InserUser?userName=11&account=11&password=11&phoneNum=11
2019/08/26 20:58:01 service_orm.go:16: info start connection databases...
2019/08/26 20:58:01 service_orm.go:17: debug root:rootadmin@tcp(106.12.200.182:3306)/echodemo?parseTime=true
2019/08/26 20:58:01 service_orm.go:23: info connection database success...
2019/08/26 20:58:01 service_orm.go:31: debug count t_user :16
2019/08/26 20:58:01 router.go:16: debug start router ...
2019/08/26 20:58:01 router.go:26: debug 666666
2019/08/26 20:58:04 filter.go:43: debug 55555555555
2019/08/26 20:58:04 filter.go:45: debug 111111
2019/08/26 20:58:04 filter.go:47: debug 222222
2019/08/26 20:58:04 filter.go:48: debug /v2/user/InserUser?userName=11&account=11&password=11&phoneNum=11
2019/08/26 20:59:51 service_orm.go:16: info start connection databases...
2019/08/26 20:59:51 service_orm.go:17: debug root:rootadmin@tcp(106.12.200.182:3306)/echodemo?parseTime=true
2019/08/26 20:59:51 service_orm.go:23: info connection database success...
2019/08/26 20:59:51 service_orm.go:31: debug count t_user :17
2019/08/26 20:59:51 router.go:16: debug start router ...
2019/08/26 20:59:51 router.go:26: debug 666666
2019/08/26 21:00:43 service_orm.go:16: info start connection databases...
2019/08/26 21:00:43 service_orm.go:17: debug root:rootadmin@tcp(106.12.200.182:3306)/echodemo?parseTime=true
2019/08/26 21:00:43 service_orm.go:23: info connection database success...
2019/08/26 21:00:43 service_orm.go:31: debug count t_user :18
2019/08/26 21:00:43 router.go:16: debug start router ...
2019/08/26 21:00:43 router.go:26: debug 666666
